2023-03-31 11:03:27.9575||DEBUG|Program 
init main  
 --- |url: |action: 
2023-03-31 11:03:43.4909||ERROR|Program 
Stopped program because of exception Microsoft.Extensions.Hosting.HostFactoryResolver+HostingListener+StopTheHostException: Exception of type 'Microsoft.Extensions.Hosting.HostFactoryResolver+HostingListener+StopTheHostException' was thrown.
   at Microsoft.Extensions.Hosting.HostFactoryResolver.HostingListener.OnNext(KeyValuePair`2 value)
   at System.Diagnostics.DiagnosticListener.Write(String name, Object value)
   at Microsoft.Extensions.Hosting.HostBuilder.Build()
   at Microsoft.AspNetCore.Builder.WebApplicationBuilder.Build()
   at Program.<Main>$(String[] args) in C:\Users\s_knutson\Desktop\Invitaciones\Invitaciones.Admin\Program.cs:line 62 
 --- |url: |action: 
2023-03-31 11:06:23.8481||DEBUG|Program 
init main  
 --- |url: |action: 
2023-03-31 11:27:19.3963||DEBUG|Program 
init main  
 --- |url: |action: 
2023-03-31 11:27:35.4470||ERROR|Program 
Stopped program because of exception Microsoft.Extensions.Hosting.HostFactoryResolver+HostingListener+StopTheHostException: Exception of type 'Microsoft.Extensions.Hosting.HostFactoryResolver+HostingListener+StopTheHostException' was thrown.
   at Microsoft.Extensions.Hosting.HostFactoryResolver.HostingListener.OnNext(KeyValuePair`2 value)
   at System.Diagnostics.DiagnosticListener.Write(String name, Object value)
   at Microsoft.Extensions.Hosting.HostBuilder.Build()
   at Microsoft.AspNetCore.Builder.WebApplicationBuilder.Build()
   at Program.<Main>$(String[] args) in C:\Users\s_knutson\Desktop\Invitaciones\Invitaciones.Admin\Program.cs:line 41 
 --- |url: |action: 
2023-03-31 11:27:49.6924||DEBUG|Program 
init main  
 --- |url: |action: 
2023-03-31 11:28:04.8954||ERROR|Program 
Stopped program because of exception Microsoft.Extensions.Hosting.HostFactoryResolver+HostingListener+StopTheHostException: Exception of type 'Microsoft.Extensions.Hosting.HostFactoryResolver+HostingListener+StopTheHostException' was thrown.
   at Microsoft.Extensions.Hosting.HostFactoryResolver.HostingListener.OnNext(KeyValuePair`2 value)
   at System.Diagnostics.DiagnosticListener.Write(String name, Object value)
   at Microsoft.Extensions.Hosting.HostBuilder.Build()
   at Microsoft.AspNetCore.Builder.WebApplicationBuilder.Build()
   at Program.<Main>$(String[] args) in C:\Users\s_knutson\Desktop\Invitaciones\Invitaciones.Admin\Program.cs:line 41 
 --- |url: |action: 
2023-03-31 11:28:41.1318||DEBUG|Program 
init main  
 --- |url: |action: 
2023-03-31 11:29:42.5517||DEBUG|Program 
init main  
 --- |url: |action: 
2023-03-31 11:30:20.8863||DEBUG|Program 
init main  
 --- |url: |action: 
2023-03-31 11:32:14.8321||DEBUG|Program 
init main  
 --- |url: |action: 
2023-03-31 11:34:38.8480||DEBUG|Program 
init main  
 --- |url: |action: 
2023-03-31 11:36:59.2874||DEBUG|Program 
init main  
 --- |url: |action: 
2023-03-31 11:37:50.9905||DEBUG|Program 
init main  
 --- |url: |action: 
2023-03-31 11:44:00.9278||DEBUG|Program 
init main  
 --- |url: |action: 
2023-03-31 13:52:28.4127||DEBUG|Program 
init main  
 --- |url: |action: 
2023-03-31 14:12:39.8612||DEBUG|Program 
init main  
 --- |url: |action: 
